[2021-08-02 18:30:17.548] [exthost] [info] extension host started
[2021-08-02 18:30:17.686] [exthost] [info] ExtensionService#_doActivateExtension vscode.debug-auto-launch {"startup":true,"extensionId":{"value":"vscode.debug-auto-launch","_lower":"vscode.debug-auto-launch"},"activationEvent":"*"}
[2021-08-02 18:30:17.687] [exthost] [info] ExtensionService#loadCommonJSModule file:///home/mirabbani26/.vscode-server/bin/c3f126316369cd610563c75b1b1725e0679adfb3/extensions/debug-auto-launch/dist/extension
[2021-08-02 18:30:17.712] [exthost] [info] ExtensionService#_doActivateExtension vscode.git {"startup":true,"extensionId":{"value":"vscode.github","_lower":"vscode.github"},"activationEvent":"*"}
[2021-08-02 18:30:17.712] [exthost] [info] ExtensionService#loadCommonJSModule file:///home/mirabbani26/.vscode-server/bin/c3f126316369cd610563c75b1b1725e0679adfb3/extensions/git/dist/main
[2021-08-02 18:30:17.894] [exthost] [info] Lock '/home/mirabbani26/.vscode-server/data/User/workspaceStorage/947d096429bc3d304f2a247ff9210bb5/vscode.lock': Lock acquired.
[2021-08-02 18:30:18.234] [exthost] [info] ExtensionService#_doActivateExtension vscode.github {"startup":true,"extensionId":{"value":"vscode.github","_lower":"vscode.github"},"activationEvent":"*"}
[2021-08-02 18:30:18.234] [exthost] [info] ExtensionService#loadCommonJSModule file:///home/mirabbani26/.vscode-server/bin/c3f126316369cd610563c75b1b1725e0679adfb3/extensions/github/dist/extension.js
[2021-08-02 18:30:18.409] [exthost] [info] ExtensionService#_doActivateExtension ms-vscode.js-debug {"startup":false,"extensionId":{"value":"ms-vscode.js-debug","_lower":"ms-vscode.js-debug"},"activationEvent":"onCommand:extension.js-debug.clearAutoAttachVariables"}
[2021-08-02 18:30:18.410] [exthost] [info] ExtensionService#loadCommonJSModule file:///home/mirabbani26/.vscode-server/bin/c3f126316369cd610563c75b1b1725e0679adfb3/extensions/ms-vscode.js-debug/src/extension.js
[2021-08-02 18:30:18.910] [exthost] [info] ExtensionService#_doActivateExtension vscode.emmet {"startup":false,"extensionId":{"value":"vscode.emmet","_lower":"vscode.emmet"},"activationEvent":"onStartupFinished"}
[2021-08-02 18:30:18.910] [exthost] [info] ExtensionService#loadCommonJSModule file:///home/mirabbani26/.vscode-server/bin/c3f126316369cd610563c75b1b1725e0679adfb3/extensions/emmet/dist/node/emmetNodeMain
[2021-08-02 18:30:18.933] [exthost] [info] ExtensionService#_doActivateExtension vscode.merge-conflict {"startup":false,"extensionId":{"value":"vscode.merge-conflict","_lower":"vscode.merge-conflict"},"activationEvent":"onStartupFinished"}
[2021-08-02 18:30:18.934] [exthost] [info] ExtensionService#loadCommonJSModule file:///home/mirabbani26/.vscode-server/bin/c3f126316369cd610563c75b1b1725e0679adfb3/extensions/merge-conflict/dist/mergeConflictMain
[2021-08-02 18:30:18.943] [exthost] [info] ExtensionService#_doActivateExtension vscode.testing-editor-contributions {"startup":false,"extensionId":{"value":"vscode.testing-editor-contributions","_lower":"vscode.testing-editor-contributions"},"activationEvent":"onStartupFinished"}
[2021-08-02 18:30:18.943] [exthost] [info] ExtensionService#loadCommonJSModule file:///home/mirabbani26/.vscode-server/bin/c3f126316369cd610563c75b1b1725e0679adfb3/extensions/testing-editor-contributions/dist/extension.js
[2021-08-02 18:30:18.947] [exthost] [info] eager extensions activated
[2021-08-02 18:36:57.522] [exthost] [info] ExtensionService#_doActivateExtension vscode.extension-editing {"startup":false,"extensionId":{"value":"vscode.extension-editing","_lower":"vscode.extension-editing"},"activationEvent":"onLanguage:markdown"}
[2021-08-02 18:36:57.522] [exthost] [info] ExtensionService#loadCommonJSModule file:///home/mirabbani26/.vscode-server/bin/c3f126316369cd610563c75b1b1725e0679adfb3/extensions/extension-editing/dist/extensionEditingMain
[2021-08-02 18:36:57.574] [exthost] [info] ExtensionService#_doActivateExtension vscode.markdown-language-features {"startup":false,"extensionId":{"value":"vscode.markdown-language-features","_lower":"vscode.markdown-language-features"},"activationEvent":"onLanguage:markdown"}
[2021-08-02 18:36:57.574] [exthost] [info] ExtensionService#loadCommonJSModule file:///home/mirabbani26/.vscode-server/bin/c3f126316369cd610563c75b1b1725e0679adfb3/extensions/markdown-language-features/dist/extension
[2021-08-02 18:36:57.972] [exthost] [info] ExtensionService#_doActivateExtension vscode.markdown-math {"startup":false,"extensionId":{"value":"vscode.markdown-language-features","_lower":"vscode.markdown-language-features"},"activationEvent":"api"}
[2021-08-02 18:36:57.972] [exthost] [info] ExtensionService#loadCommonJSModule file:///home/mirabbani26/.vscode-server/bin/c3f126316369cd610563c75b1b1725e0679adfb3/extensions/markdown-math/dist/extension
[2021-08-02 18:41:07.551] [exthost] [info] extension host terminating: received terminate message from renderer
[2021-08-02 18:41:07.552] [exthost] [info] Lock '/home/mirabbani26/.vscode-server/data/User/workspaceStorage/947d096429bc3d304f2a247ff9210bb5/vscode.lock': Marking the lockfile as scheduled to be released in 6000 ms.
[2021-08-02 18:41:08.665] [exthost] [info] exiting with code 0
