Validating found git in: git
Using git 2.25.1 from git
Opening repository for path='/home/mirabbani26' failed; ex=Failed to execute git {
  "exitCode": 128,
  "gitErrorCode": "NotAGitRepository",
  "gitCommand": "rev-parse",
  "stdout": "",
  "stderr": "fatal: not a git repository (or any of the parent directories): .git\n"
}
Opening repository for path='/home/mirabbani26/.bash_history' failed; ex=Error: spawn ENOTDIR
Opening repository for path='/home/mirabbani26/.bash_logout' failed; ex=Error: spawn ENOTDIR
Opening repository for path='/home/mirabbani26/.bashrc' failed; ex=Error: spawn ENOTDIR
Opening repository for path='/home/mirabbani26/.landscape' failed; ex=Failed to execute git {
  "exitCode": 128,
  "gitErrorCode": "NotAGitRepository",
  "gitCommand": "rev-parse",
  "stdout": "",
  "stderr": "fatal: not a git repository (or any of the parent directories): .git\n"
}
Opening repository for path='/home/mirabbani26/.motd_shown' failed; ex=Error: spawn ENOTDIR
Opening repository for path='/home/mirabbani26/.profile' failed; ex=Error: spawn ENOTDIR
Opening repository for path='/home/mirabbani26/.ssh' failed; ex=Failed to execute git {
  "exitCode": 128,
  "gitErrorCode": "NotAGitRepository",
  "gitCommand": "rev-parse",
  "stdout": "",
  "stderr": "fatal: not a git repository (or any of the parent directories): .git\n"
}
Opening repository for path='/home/mirabbani26/.vscode-server' failed; ex=Failed to execute git {
  "exitCode": 128,
  "gitErrorCode": "NotAGitRepository",
  "gitCommand": "rev-parse",
  "stdout": "",
  "stderr": "fatal: not a git repository (or any of the parent directories): .git\n"
}
Opening repository for path='/home/mirabbani26/.wget-hsts' failed; ex=Error: spawn ENOTDIR
> git rev-parse --git-dir
Open repository: /home/mirabbani26/belajar-git-thematic-academy
> git status -z -u
> git symbolic-ref --short HEAD
> git for-each-ref --format=%(refname)%00%(upstream:short)%00%(objectname)%00%(upstream:track) refs/heads/main refs/remotes/main
> git for-each-ref --sort -committerdate --format %(refname) %(objectname) %(*objectname)
> git remote --verbose
Warning: Failed to watch ref '/home/mirabbani26/belajar-git-thematic-academy/.git/refs/remotes/origin/main', is most likely packed.
> git config --get commit.template
> git check-ignore -v -z --stdin
> git check-ignore -v -z --stdin
> git check-ignore -v -z --stdin
> git show --textconv :.gitignore
> git ls-files --stage -- /home/mirabbani26/belajar-git-thematic-academy/.gitignore
> git cat-file -s 67045665db202cf951f839a5f3e73efdcfd45021
> git show --textconv :.vs/slnx.sqlite
> git ls-files --stage -- /home/mirabbani26/belajar-git-thematic-academy/.vs/slnx.sqlite
> git show --textconv :.gitignore
> git ls-files --stage -- /home/mirabbani26/belajar-git-thematic-academy/.gitignore
> git cat-file -s 67045665db202cf951f839a5f3e73efdcfd45021
> git show --textconv :README.md
> git ls-files --stage -- /home/mirabbani26/belajar-git-thematic-academy/README.md
> git cat-file -s de1d87a8df711414507bfd6790912244f642afd4
